# JRE version: Java(TM) SE Runtime Environment (7.0_40-b43) (build 1.7.0_40-b43)
# Java VM: Java HotSpot(TM) 64-Bit Server VM (24.0-b56 mixed mode linux-amd64 compressed oops)
Heap
 PSYoungGen      total 14848K, used 13376K [0x00000000ed700000, 0x00000000ee700000, 0x0000000100000000)
  eden space 13312K, 100% used [0x00000000ed700000,0x00000000ee400000,0x00000000ee400000)
  from space 1536K, 4% used [0x00000000ee580000,0x00000000ee590000,0x00000000ee700000)
  to   space 1536K, 0% used [0x00000000ee400000,0x00000000ee400000,0x00000000ee580000)
 ParOldGen       total 37888K, used 10117K [0x00000000c8600000, 0x00000000cab00000, 0x00000000ed700000)
  object space 37888K, 26% used [0x00000000c8600000,0x00000000c8fe17a8,0x00000000cab00000)
 PSPermGen       total 21504K, used 17835K [0x00000000c3400000, 0x00000000c4900000, 0x00000000c8600000)
  object space 21504K, 82% used [0x00000000c3400000,0x00000000c456ad18,0x00000000c4900000)
GC Heap History (10 events):
Event: 897.242 GC heap before
{Heap before GC invocations=94 (full 0):
 PSYoungGen      total 14848K, used 13408K [0x00000000ed700000, 0x00000000ee700000, 0x0000000100000000)
  eden space 13312K, 100% used [0x00000000ed700000,0x00000000ee400000,0x00000000ee400000)
  from space 1536K, 6% used [0x00000000ee400000,0x00000000ee418000,0x00000000ee580000)
  to   space 1536K, 0% used [0x00000000ee580000,0x00000000ee580000,0x00000000ee700000)
 ParOldGen       total 37888K, used 10069K [0x00000000c8600000, 0x00000000cab00000, 0x00000000ed700000)
  object space 37888K, 26% used [0x00000000c8600000,0x00000000c8fd5788,0x00000000cab00000)
 PSPermGen       total 21504K, used 17800K [0x00000000c3400000, 0x00000000c4900000, 0x00000000c8600000)
  object space 21504K, 82% used [0x00000000c3400000,0x00000000c4562350,0x00000000c4900000)
Event: 897.246 GC heap after
Heap after GC invocations=94 (full 0):
 PSYoungGen      total 14848K, used 128K [0x00000000ed700000, 0x00000000ee700000, 0x0000000100000000)
  eden space 13312K, 0% used [0x00000000ed700000,0x00000000ed700000,0x00000000ee400000)
  from space 1536K, 8% used [0x00000000ee580000,0x00000000ee5a0000,0x00000000ee700000)
  to   space 1536K, 0% used [0x00000000ee400000,0x00000000ee400000,0x00000000ee580000)
 ParOldGen       total 37888K, used 10077K [0x00000000c8600000, 0x00000000cab00000, 0x00000000ed700000)
  object space 37888K, 26% used [0x00000000c8600000,0x00000000c8fd7788,0x00000000cab00000)
 PSPermGen       total 21504K, used 17800K [0x00000000c3400000, 0x00000000c4900000, 0x00000000c8600000)
  object space 21504K, 82% used [0x00000000c3400000,0x00000000c4562350,0x00000000c4900000)
}
Event: 903.141 GC heap before
{Heap before GC invocations=95 (full 0):
 PSYoungGen      total 14848K, used 13167K [0x00000000ed700000, 0x00000000ee700000, 0x0000000100000000)
  eden space 13312K, 97% used [0x00000000ed700000,0x00000000ee3bbd60,0x00000000ee400000)
  from space 1536K, 8% used [0x00000000ee580000,0x00000000ee5a0000,0x00000000ee700000)
  to   space 1536K, 0% used [0x00000000ee400000,0x00000000ee400000,0x00000000ee580000)
 ParOldGen       total 37888K, used 10077K [0x00000000c8600000, 0x00000000cab00000, 0x00000000ed700000)
  object space 37888K, 26% used [0x00000000c8600000,0x00000000c8fd7788,0x00000000cab00000)
 PSPermGen       total 21504K, used 17801K [0x00000000c3400000, 0x00000000c4900000, 0x00000000c8600000)
  object space 21504K, 82% used [0x00000000c3400000,0x00000000c4562430,0x00000000c4900000)
Event: 903.148 GC heap after
Heap after GC invocations=95 (full 0):
 PSYoungGen      total 14848K, used 96K [0x00000000ed700000, 0x00000000ee700000, 0x0000000100000000)
  eden space 13312K, 0% used [0x00000000ed700000,0x00000000ed700000,0x00000000ee400000)
  from space 1536K, 6% used [0x00000000ee400000,0x00000000ee418000,0x00000000ee580000)
  to   space 1536K, 0% used [0x00000000ee580000,0x00000000ee580000,0x00000000ee700000)
 ParOldGen       total 37888K, used 10077K [0x00000000c8600000, 0x00000000cab00000, 0x00000000ed700000)
  object space 37888K, 26% used [0x00000000c8600000,0x00000000c8fd7788,0x00000000cab00000)
 PSPermGen       total 21504K, used 17801K [0x00000000c3400000, 0x00000000c4900000, 0x00000000c8600000)
  object space 21504K, 82% used [0x00000000c3400000,0x00000000c4562430,0x00000000c4900000)
}
Event: 913.592 GC heap before
{Heap before GC invocations=96 (full 0):
 PSYoungGen      total 14848K, used 13408K [0x00000000ed700000, 0x00000000ee700000, 0x0000000100000000)
  eden space 13312K, 100% used [0x00000000ed700000,0x00000000ee400000,0x00000000ee400000)
  from space 1536K, 6% used [0x00000000ee400000,0x00000000ee418000,0x00000000ee580000)
  to   space 1536K, 0% used [0x00000000ee580000,0x00000000ee580000,0x00000000ee700000)
 ParOldGen       total 37888K, used 10077K [0x00000000c8600000, 0x00000000cab00000, 0x00000000ed700000)
  object space 37888K, 26% used [0x00000000c8600000,0x00000000c8fd7788,0x00000000cab00000)
 PSPermGen       total 21504K, used 17801K [0x00000000c3400000, 0x00000000c4900000, 0x00000000c8600000)
  object space 21504K, 82% used [0x00000000c3400000,0x00000000c4562430,0x00000000c4900000)
Event: 913.600 GC heap after
Heap after GC invocations=96 (full 0):
 PSYoungGen      total 13824K, used 128K [0x00000000ed700000, 0x00000000ee600000, 0x0000000100000000)
  eden space 13312K, 0% used [0x00000000ed700000,0x00000000ed700000,0x00000000ee400000)
  from space 512K, 25% used [0x00000000ee580000,0x00000000ee5a0000,0x00000000ee600000)
  to   space 1024K, 0% used [0x00000000ee400000,0x00000000ee400000,0x00000000ee500000)
 ParOldGen       total 37888K, used 10085K [0x00000000c8600000, 0x00000000cab00000, 0x00000000ed700000)
  object space 37888K, 26% used [0x00000000c8600000,0x00000000c8fd9788,0x00000000cab00000)
 PSPermGen       total 21504K, used 17801K [0x00000000c3400000, 0x00000000c4900000, 0x00000000c8600000)
  object space 21504K, 82% used [0x00000000c3400000,0x00000000c4562430,0x00000000c4900000)
}
Event: 929.236 GC heap before
{Heap before GC invocations=97 (full 0):
 PSYoungGen      total 13824K, used 13440K [0x00000000ed700000, 0x00000000ee600000, 0x0000000100000000)
  eden space 13312K, 100% used [0x00000000ed700000,0x00000000ee400000,0x00000000ee400000)
  from space 512K, 25% used [0x00000000ee580000,0x00000000ee5a0000,0x00000000ee600000)
  to   space 1024K, 0% used [0x00000000ee400000,0x00000000ee400000,0x00000000ee500000)
 ParOldGen       total 37888K, used 10085K [0x00000000c8600000, 0x00000000cab00000, 0x00000000ed700000)
  object space 37888K, 26% used [0x00000000c8600000,0x00000000c8fd9788,0x00000000cab00000)
 PSPermGen       total 21504K, used 17801K [0x00000000c3400000, 0x00000000c4900000, 0x00000000c8600000)
  object space 21504K, 82% used [0x00000000c3400000,0x00000000c4562430,0x00000000c4900000)
Event: 929.243 GC heap after
Heap after GC invocations=97 (full 0):
 PSYoungGen      total 14336K, used 721K [0x00000000ed700000, 0x00000000ee700000, 0x0000000100000000)
  eden space 13312K, 0% used [0x00000000ed700000,0x00000000ed700000,0x00000000ee400000)
  from space 1024K, 70% used [0x00000000ee400000,0x00000000ee4b4410,0x00000000ee500000)
  to   space 1536K, 0% used [0x00000000ee580000,0x00000000ee580000,0x00000000ee700000)
 ParOldGen       total 37888K, used 10093K [0x00000000c8600000, 0x00000000cab00000, 0x00000000ed700000)
  object space 37888K, 26% used [0x00000000c8600000,0x00000000c8fdb788,0x00000000cab00000)
 PSPermGen       total 21504K, used 17801K [0x00000000c3400000, 0x00000000c4900000, 0x00000000c8600000)
  object space 21504K, 82% used [0x00000000c3400000,0x00000000c4562430,0x00000000c4900000)
}
Event: 945.504 GC heap before
{Heap before GC invocations=98 (full 0):
 PSYoungGen      total 14336K, used 14033K [0x00000000ed700000, 0x00000000ee700000, 0x0000000100000000)
  eden space 13312K, 100% used [0x00000000ed700000,0x00000000ee400000,0x00000000ee400000)
  from space 1024K, 70% used [0x00000000ee400000,0x00000000ee4b4410,0x00000000ee500000)
  to   space 1536K, 0% used [0x00000000ee580000,0x00000000ee580000,0x00000000ee700000)
 ParOldGen       total 37888K, used 10093K [0x00000000c8600000, 0x00000000cab00000, 0x00000000ed700000)
  object space 37888K, 26% used [0x00000000c8600000,0x00000000c8fdb788,0x00000000cab00000)
 PSPermGen       total 21504K, used 17802K [0x00000000c3400000, 0x00000000c4900000, 0x00000000c8600000)
  object space 21504K, 82% used [0x00000000c3400000,0x00000000c4562ac8,0x00000000c4900000)
Event: 945.512 GC heap after
Heap after GC invocations=98 (full 0):
 PSYoungGen      total 14848K, used 64K [0x00000000ed700000, 0x00000000ee700000, 0x0000000100000000)
  eden space 13312K, 0% used [0x00000000ed700000,0x00000000ed700000,0x00000000ee400000)
  from space 1536K, 4% used [0x00000000ee580000,0x00000000ee590000,0x00000000ee700000)
  to   space 1536K, 0% used [0x00000000ee400000,0x00000000ee400000,0x00000000ee580000)
 ParOldGen       total 37888K, used 10117K [0x00000000c8600000, 0x00000000cab00000, 0x00000000ed700000)
  object space 37888K, 26% used [0x00000000c8600000,0x00000000c8fe17a8,0x00000000cab00000)
 PSPermGen       total 21504K, used 17802K [0x00000000c3400000, 0x00000000c4900000, 0x00000000c8600000)
  object space 21504K, 82% used [0x00000000c3400000,0x00000000c4562ac8,0x00000000c4900000)
}

