# JRE version: Java(TM) SE Runtime Environment (7.0_40-b43) (build 1.7.0_40-b43)
# Java VM: Java HotSpot(TM) 64-Bit Server VM (24.0-b56 mixed mode linux-amd64 compressed oops)
Heap
 PSYoungGen      total 16896K, used 3506K [0x00000000ed700000, 0x00000000ee980000, 0x0000000100000000)
  eden space 14848K, 9% used [0x00000000ed700000,0x00000000ed86fea0,0x00000000ee580000)
  from space 2048K, 99% used [0x00000000ee780000,0x00000000ee97cc80,0x00000000ee980000)
  to   space 2048K, 0% used [0x00000000ee580000,0x00000000ee580000,0x00000000ee780000)
 ParOldGen       total 37888K, used 5871K [0x00000000c8600000, 0x00000000cab00000, 0x00000000ed700000)
  object space 37888K, 15% used [0x00000000c8600000,0x00000000c8bbbcc0,0x00000000cab00000)
 PSPermGen       total 21504K, used 16904K [0x00000000c3400000, 0x00000000c4900000, 0x00000000c8600000)
  object space 21504K, 78% used [0x00000000c3400000,0x00000000c4482238,0x00000000c4900000)
GC Heap History (4 events):
Event: 14.753 GC heap before
{Heap before GC invocations=1 (full 0):
 PSYoungGen      total 16896K, used 14420K [0x00000000ed700000, 0x00000000ee980000, 0x0000000100000000)
  eden space 14848K, 97% used [0x00000000ed700000,0x00000000ee515150,0x00000000ee580000)
  from space 2048K, 0% used [0x00000000ee780000,0x00000000ee780000,0x00000000ee980000)
  to   space 2048K, 0% used [0x00000000ee580000,0x00000000ee580000,0x00000000ee780000)
 ParOldGen       total 37888K, used 0K [0x00000000c8600000, 0x00000000cab00000, 0x00000000ed700000)
  object space 37888K, 0% used [0x00000000c8600000,0x00000000c8600000,0x00000000cab00000)
 PSPermGen       total 21504K, used 11821K [0x00000000c3400000, 0x00000000c4900000, 0x00000000c8600000)
  object space 21504K, 54% used [0x00000000c3400000,0x00000000c3f8b588,0x00000000c4900000)
Event: 14.796 GC heap after
Heap after GC invocations=1 (full 0):
 PSYoungGen      total 16896K, used 2033K [0x00000000ed700000, 0x00000000ee980000, 0x0000000100000000)
  eden space 14848K, 0% used [0x00000000ed700000,0x00000000ed700000,0x00000000ee580000)
  from space 2048K, 99% used [0x00000000ee580000,0x00000000ee77c490,0x00000000ee780000)
  to   space 2048K, 0% used [0x00000000ee780000,0x00000000ee780000,0x00000000ee980000)
 ParOldGen       total 37888K, used 1752K [0x00000000c8600000, 0x00000000cab00000, 0x00000000ed700000)
  object space 37888K, 4% used [0x00000000c8600000,0x00000000c87b6120,0x00000000cab00000)
 PSPermGen       total 21504K, used 11821K [0x00000000c3400000, 0x00000000c4900000, 0x00000000c8600000)
  object space 21504K, 54% used [0x00000000c3400000,0x00000000c3f8b588,0x00000000c4900000)
}
Event: 28.025 GC heap before
{Heap before GC invocations=2 (full 0):
 PSYoungGen      total 16896K, used 16881K [0x00000000ed700000, 0x00000000ee980000, 0x0000000100000000)
  eden space 14848K, 100% used [0x00000000ed700000,0x00000000ee580000,0x00000000ee580000)
  from space 2048K, 99% used [0x00000000ee580000,0x00000000ee77c490,0x00000000ee780000)
  to   space 2048K, 0% used [0x00000000ee780000,0x00000000ee780000,0x00000000ee980000)
 ParOldGen       total 37888K, used 1752K [0x00000000c8600000, 0x00000000cab00000, 0x00000000ed700000)
  object space 37888K, 4% used [0x00000000c8600000,0x00000000c87b6120,0x00000000cab00000)
 PSPermGen       total 21504K, used 16883K [0x00000000c3400000, 0x00000000c4900000, 0x00000000c8600000)
  object space 21504K, 78% used [0x00000000c3400000,0x00000000c447cf78,0x00000000c4900000)
Event: 28.231 GC heap after
Heap after GC invocations=2 (full 0):
 PSYoungGen      total 16896K, used 2035K [0x00000000ed700000, 0x00000000ee980000, 0x0000000100000000)
  eden space 14848K, 0% used [0x00000000ed700000,0x00000000ed700000,0x00000000ee580000)
  from space 2048K, 99% used [0x00000000ee780000,0x00000000ee97cc80,0x00000000ee980000)
  to   space 2048K, 0% used [0x00000000ee580000,0x00000000ee580000,0x00000000ee780000)
 ParOldGen       total 37888K, used 5871K [0x00000000c8600000, 0x00000000cab00000, 0x00000000ed700000)
  object space 37888K, 15% used [0x00000000c8600000,0x00000000c8bbbcc0,0x00000000cab00000)
 PSPermGen       total 21504K, used 16883K [0x00000000c3400000, 0x00000000c4900000, 0x00000000c8600000)
  object space 21504K, 78% used [0x00000000c3400000,0x00000000c447cf78,0x00000000c4900000)
}

