# JRE version: Java(TM) SE Runtime Environment (7.0_40-b43) (build 1.7.0_40-b43)
# Java VM: Java HotSpot(TM) 64-Bit Server VM (24.0-b56 mixed mode linux-amd64 compressed oops)
Heap
 PSYoungGen      total 20992K, used 18539K [0x00000000ed700000, 0x00000000ef280000, 0x0000000100000000)
  eden space 14848K, 99% used [0x00000000ed700000,0x00000000ee571cf0,0x00000000ee580000)
  from space 6144K, 61% used [0x00000000eec80000,0x00000000ef0290b0,0x00000000ef280000)
  to   space 6656K, 0% used [0x00000000ee580000,0x00000000ee580000,0x00000000eec00000)
 ParOldGen       total 37888K, used 8098K [0x00000000c8600000, 0x00000000cab00000, 0x00000000ed700000)
  object space 37888K, 21% used [0x00000000c8600000,0x00000000c8de8b10,0x00000000cab00000)
 PSPermGen       total 21504K, used 17919K [0x00000000c3400000, 0x00000000c4900000, 0x00000000c8600000)
  object space 21504K, 83% used [0x00000000c3400000,0x00000000c457fd00,0x00000000c4900000)
GC Heap History (10 events):
Event: 19.361 GC heap before
{Heap before GC invocations=2 (full 0):
 PSYoungGen      total 16896K, used 15965K [0x00000000ed700000, 0x00000000ee980000, 0x0000000100000000)
  eden space 14848K, 93% used [0x00000000ed700000,0x00000000ee4981f8,0x00000000ee580000)
  from space 2048K, 99% used [0x00000000ee580000,0x00000000ee77f458,0x00000000ee780000)
  to   space 2048K, 0% used [0x00000000ee780000,0x00000000ee780000,0x00000000ee980000)
 ParOldGen       total 37888K, used 2000K [0x00000000c8600000, 0x00000000cab00000, 0x00000000ed700000)
  object space 37888K, 5% used [0x00000000c8600000,0x00000000c87f4308,0x00000000cab00000)
 PSPermGen       total 21504K, used 16815K [0x00000000c3400000, 0x00000000c4900000, 0x00000000c8600000)
  object space 21504K, 78% used [0x00000000c3400000,0x00000000c446bd78,0x00000000c4900000)
Event: 19.397 GC heap after
Heap after GC invocations=2 (full 0):
 PSYoungGen      total 16896K, used 2016K [0x00000000ed700000, 0x00000000ee980000, 0x0000000100000000)
  eden space 14848K, 0% used [0x00000000ed700000,0x00000000ed700000,0x00000000ee580000)
  from space 2048K, 98% used [0x00000000ee780000,0x00000000ee978060,0x00000000ee980000)
  to   space 2048K, 0% used [0x00000000ee580000,0x00000000ee580000,0x00000000ee780000)
 ParOldGen       total 37888K, used 6289K [0x00000000c8600000, 0x00000000cab00000, 0x00000000ed700000)
  object space 37888K, 16% used [0x00000000c8600000,0x00000000c8c24448,0x00000000cab00000)
 PSPermGen       total 21504K, used 16815K [0x00000000c3400000, 0x00000000c4900000, 0x00000000c8600000)
  object space 21504K, 78% used [0x00000000c3400000,0x00000000c446bd78,0x00000000c4900000)
}
Event: 35.231 GC heap before
{Heap before GC invocations=3 (full 0):
 PSYoungGen      total 16896K, used 16864K [0x00000000ed700000, 0x00000000ee980000, 0x0000000100000000)
  eden space 14848K, 100% used [0x00000000ed700000,0x00000000ee580000,0x00000000ee580000)
  from space 2048K, 98% used [0x00000000ee780000,0x00000000ee978060,0x00000000ee980000)
  to   space 2048K, 0% used [0x00000000ee580000,0x00000000ee580000,0x00000000ee780000)
 ParOldGen       total 37888K, used 6289K [0x00000000c8600000, 0x00000000cab00000, 0x00000000ed700000)
  object space 37888K, 16% used [0x00000000c8600000,0x00000000c8c24448,0x00000000cab00000)
 PSPermGen       total 21504K, used 17852K [0x00000000c3400000, 0x00000000c4900000, 0x00000000c8600000)
  object space 21504K, 83% used [0x00000000c3400000,0x00000000c456f1f0,0x00000000c4900000)
Event: 35.278 GC heap after
Heap after GC invocations=3 (full 0):
 PSYoungGen      total 16896K, used 2018K [0x00000000ed700000, 0x00000000ee980000, 0x0000000100000000)
  eden space 14848K, 0% used [0x00000000ed700000,0x00000000ed700000,0x00000000ee580000)
  from space 2048K, 98% used [0x00000000ee580000,0x00000000ee778870,0x00000000ee780000)
  to   space 2048K, 0% used [0x00000000ee780000,0x00000000ee780000,0x00000000ee980000)
 ParOldGen       total 37888K, used 8026K [0x00000000c8600000, 0x00000000cab00000, 0x00000000ed700000)
  object space 37888K, 21% used [0x00000000c8600000,0x00000000c8dd6ad0,0x00000000cab00000)
 PSPermGen       total 21504K, used 17852K [0x00000000c3400000, 0x00000000c4900000, 0x00000000c8600000)
  object space 21504K, 83% used [0x00000000c3400000,0x00000000c456f1f0,0x00000000c4900000)
}
Event: 40.797 GC heap before
{Heap before GC invocations=4 (full 0):
 PSYoungGen      total 16896K, used 16866K [0x00000000ed700000, 0x00000000ee980000, 0x0000000100000000)
  eden space 14848K, 100% used [0x00000000ed700000,0x00000000ee580000,0x00000000ee580000)
  from space 2048K, 98% used [0x00000000ee580000,0x00000000ee778870,0x00000000ee780000)
  to   space 2048K, 0% used [0x00000000ee780000,0x00000000ee780000,0x00000000ee980000)
 ParOldGen       total 37888K, used 8026K [0x00000000c8600000, 0x00000000cab00000, 0x00000000ed700000)
  object space 37888K, 21% used [0x00000000c8600000,0x00000000c8dd6ad0,0x00000000cab00000)
 PSPermGen       total 21504K, used 17855K [0x00000000c3400000, 0x00000000c4900000, 0x00000000c8600000)
  object space 21504K, 83% used [0x00000000c3400000,0x00000000c456ff88,0x00000000c4900000)
Event: 40.814 GC heap after
Heap after GC invocations=4 (full 0):
 PSYoungGen      total 16896K, used 2018K [0x00000000ed700000, 0x00000000ee980000, 0x0000000100000000)
  eden space 14848K, 0% used [0x00000000ed700000,0x00000000ed700000,0x00000000ee580000)
  from space 2048K, 98% used [0x00000000ee780000,0x00000000ee978870,0x00000000ee980000)
  to   space 2048K, 0% used [0x00000000ee580000,0x00000000ee580000,0x00000000ee780000)
 ParOldGen       total 37888K, used 8066K [0x00000000c8600000, 0x00000000cab00000, 0x00000000ed700000)
  object space 37888K, 21% used [0x00000000c8600000,0x00000000c8de0af0,0x00000000cab00000)
 PSPermGen       total 21504K, used 17855K [0x00000000c3400000, 0x00000000c4900000, 0x00000000c8600000)
  object space 21504K, 83% used [0x00000000c3400000,0x00000000c456ff88,0x00000000c4900000)
}
Event: 44.766 GC heap before
{Heap before GC invocations=5 (full 0):
 PSYoungGen      total 16896K, used 16170K [0x00000000ed700000, 0x00000000ee980000, 0x0000000100000000)
  eden space 14848K, 95% used [0x00000000ed700000,0x00000000ee4d2020,0x00000000ee580000)
  from space 2048K, 98% used [0x00000000ee780000,0x00000000ee978870,0x00000000ee980000)
  to   space 2048K, 0% used [0x00000000ee580000,0x00000000ee580000,0x00000000ee780000)
 ParOldGen       total 37888K, used 8066K [0x00000000c8600000, 0x00000000cab00000, 0x00000000ed700000)
  object space 37888K, 21% used [0x00000000c8600000,0x00000000c8de0af0,0x00000000cab00000)
 PSPermGen       total 21504K, used 17863K [0x00000000c3400000, 0x00000000c4900000, 0x00000000c8600000)
  object space 21504K, 83% used [0x00000000c3400000,0x00000000c4571e80,0x00000000c4900000)
Event: 44.784 GC heap after
Heap after GC invocations=5 (full 0):
 PSYoungGen      total 16896K, used 2018K [0x00000000ed700000, 0x00000000ef380000, 0x0000000100000000)
  eden space 14848K, 0% used [0x00000000ed700000,0x00000000ed700000,0x00000000ee580000)
  from space 2048K, 98% used [0x00000000ee580000,0x00000000ee778870,0x00000000ee780000)
  to   space 7168K, 0% used [0x00000000eec80000,0x00000000eec80000,0x00000000ef380000)
 ParOldGen       total 37888K, used 8098K [0x00000000c8600000, 0x00000000cab00000, 0x00000000ed700000)
  object space 37888K, 21% used [0x00000000c8600000,0x00000000c8de8b10,0x00000000cab00000)
 PSPermGen       total 21504K, used 17863K [0x00000000c3400000, 0x00000000c4900000, 0x00000000c8600000)
  object space 21504K, 83% used [0x00000000c3400000,0x00000000c4571e80,0x00000000c4900000)
}
Event: 51.675 GC heap before
{Heap before GC invocations=6 (full 0):
 PSYoungGen      total 16896K, used 16866K [0x00000000ed700000, 0x00000000ef380000, 0x0000000100000000)
  eden space 14848K, 100% used [0x00000000ed700000,0x00000000ee580000,0x00000000ee580000)
  from space 2048K, 98% used [0x00000000ee580000,0x00000000ee778870,0x00000000ee780000)
  to   space 7168K, 0% used [0x00000000eec80000,0x00000000eec80000,0x00000000ef380000)
 ParOldGen       total 37888K, used 8098K [0x00000000c8600000, 0x00000000cab00000, 0x00000000ed700000)
  object space 37888K, 21% used [0x00000000c8600000,0x00000000c8de8b10,0x00000000cab00000)
 PSPermGen       total 21504K, used 17899K [0x00000000c3400000, 0x00000000c4900000, 0x00000000c8600000)
  object space 21504K, 83% used [0x00000000c3400000,0x00000000c457ac38,0x00000000c4900000)
Event: 51.709 GC heap after
Heap after GC invocations=6 (full 0):
 PSYoungGen      total 20992K, used 3748K [0x00000000ed700000, 0x00000000ef280000, 0x0000000100000000)
  eden space 14848K, 0% used [0x00000000ed700000,0x00000000ed700000,0x00000000ee580000)
  from space 6144K, 61% used [0x00000000eec80000,0x00000000ef0290b0,0x00000000ef280000)
  to   space 6656K, 0% used [0x00000000ee580000,0x00000000ee580000,0x00000000eec00000)
 ParOldGen       total 37888K, used 8098K [0x00000000c8600000, 0x00000000cab00000, 0x00000000ed700000)
  object space 37888K, 21% used [0x00000000c8600000,0x00000000c8de8b10,0x00000000cab00000)
 PSPermGen       total 21504K, used 17899K [0x00000000c3400000, 0x00000000c4900000, 0x00000000c8600000)
  object space 21504K, 83% used [0x00000000c3400000,0x00000000c457ac38,0x00000000c4900000)
}

