# JRE version: Java(TM) SE Runtime Environment (7.0_40-b43) (build 1.7.0_40-b43)
# Java VM: Java HotSpot(TM) 64-Bit Server VM (24.0-b56 mixed mode linux-amd64 compressed oops)
Heap
 PSYoungGen      total 155648K, used 59719K [0x00000000ed700000, 0x00000000fd100000, 0x0000000100000000)
  eden space 155136K, 38% used [0x00000000ed700000,0x00000000f1141fb0,0x00000000f6e80000)
  from space 512K, 12% used [0x00000000fd080000,0x00000000fd090000,0x00000000fd100000)
  to   space 512K, 0% used [0x00000000fd000000,0x00000000fd000000,0x00000000fd080000)
 ParOldGen       total 37888K, used 10325K [0x00000000c8600000, 0x00000000cab00000, 0x00000000ed700000)
  object space 37888K, 27% used [0x00000000c8600000,0x00000000c90157a0,0x00000000cab00000)
 PSPermGen       total 21504K, used 17274K [0x00000000c3400000, 0x00000000c4900000, 0x00000000c8600000)
  object space 21504K, 80% used [0x00000000c3400000,0x00000000c44deb40,0x00000000c4900000)
GC Heap History (10 events):
Event: 266.379 GC heap before
{Heap before GC invocations=348 (full 0):
 PSYoungGen      total 123392K, used 122912K [0x00000000ed700000, 0x00000000fd100000, 0x0000000100000000)
  eden space 122880K, 100% used [0x00000000ed700000,0x00000000f4f00000,0x00000000f4f00000)
  from space 512K, 6% used [0x00000000fd000000,0x00000000fd008000,0x00000000fd080000)
  to   space 512K, 0% used [0x00000000fd080000,0x00000000fd080000,0x00000000fd100000)
 ParOldGen       total 37888K, used 10325K [0x00000000c8600000, 0x00000000cab00000, 0x00000000ed700000)
  object space 37888K, 27% used [0x00000000c8600000,0x00000000c90157a0,0x00000000cab00000)
 PSPermGen       total 21504K, used 17255K [0x00000000c3400000, 0x00000000c4900000, 0x00000000c8600000)
  object space 21504K, 80% used [0x00000000c3400000,0x00000000c44d9c00,0x00000000c4900000)
Event: 266.390 GC heap after
Heap after GC invocations=348 (full 0):
 PSYoungGen      total 147968K, used 32K [0x00000000ed700000, 0x00000000fd100000, 0x0000000100000000)
  eden space 147456K, 0% used [0x00000000ed700000,0x00000000ed700000,0x00000000f6700000)
  from space 512K, 6% used [0x00000000fd080000,0x00000000fd088000,0x00000000fd100000)
  to   space 512K, 0% used [0x00000000fd000000,0x00000000fd000000,0x00000000fd080000)
 ParOldGen       total 37888K, used 10325K [0x00000000c8600000, 0x00000000cab00000, 0x00000000ed700000)
  object space 37888K, 27% used [0x00000000c8600000,0x00000000c90157a0,0x00000000cab00000)
 PSPermGen       total 21504K, used 17255K [0x00000000c3400000, 0x00000000c4900000, 0x00000000c8600000)
  object space 21504K, 80% used [0x00000000c3400000,0x00000000c44d9c00,0x00000000c4900000)
}
Event: 267.386 GC heap before
{Heap before GC invocations=349 (full 0):
 PSYoungGen      total 147968K, used 147488K [0x00000000ed700000, 0x00000000fd100000, 0x0000000100000000)
  eden space 147456K, 100% used [0x00000000ed700000,0x00000000f6700000,0x00000000f6700000)
  from space 512K, 6% used [0x00000000fd080000,0x00000000fd088000,0x00000000fd100000)
  to   space 512K, 0% used [0x00000000fd000000,0x00000000fd000000,0x00000000fd080000)
 ParOldGen       total 37888K, used 10325K [0x00000000c8600000, 0x00000000cab00000, 0x00000000ed700000)
  object space 37888K, 27% used [0x00000000c8600000,0x00000000c90157a0,0x00000000cab00000)
 PSPermGen       total 21504K, used 17255K [0x00000000c3400000, 0x00000000c4900000, 0x00000000c8600000)
  object space 21504K, 80% used [0x00000000c3400000,0x00000000c44d9c00,0x00000000c4900000)
Event: 267.394 GC heap after
Heap after GC invocations=349 (full 0):
 PSYoungGen      total 141312K, used 32K [0x00000000ed700000, 0x00000000fd100000, 0x0000000100000000)
  eden space 140800K, 0% used [0x00000000ed700000,0x00000000ed700000,0x00000000f6080000)
  from space 512K, 6% used [0x00000000fd000000,0x00000000fd008000,0x00000000fd080000)
  to   space 512K, 0% used [0x00000000fd080000,0x00000000fd080000,0x00000000fd100000)
 ParOldGen       total 37888K, used 10325K [0x00000000c8600000, 0x00000000cab00000, 0x00000000ed700000)
  object space 37888K, 27% used [0x00000000c8600000,0x00000000c90157a0,0x00000000cab00000)
 PSPermGen       total 21504K, used 17255K [0x00000000c3400000, 0x00000000c4900000, 0x00000000c8600000)
  object space 21504K, 80% used [0x00000000c3400000,0x00000000c44d9c00,0x00000000c4900000)
}
Event: 268.101 GC heap before
{Heap before GC invocations=350 (full 0):
 PSYoungGen      total 141312K, used 140832K [0x00000000ed700000, 0x00000000fd100000, 0x0000000100000000)
  eden space 140800K, 100% used [0x00000000ed700000,0x00000000f6080000,0x00000000f6080000)
  from space 512K, 6% used [0x00000000fd000000,0x00000000fd008000,0x00000000fd080000)
  to   space 512K, 0% used [0x00000000fd080000,0x00000000fd080000,0x00000000fd100000)
 ParOldGen       total 37888K, used 10325K [0x00000000c8600000, 0x00000000cab00000, 0x00000000ed700000)
  object space 37888K, 27% used [0x00000000c8600000,0x00000000c90157a0,0x00000000cab00000)
 PSPermGen       total 21504K, used 17255K [0x00000000c3400000, 0x00000000c4900000, 0x00000000c8600000)
  object space 21504K, 80% used [0x00000000c3400000,0x00000000c44d9c00,0x00000000c4900000)
Event: 268.108 GC heap after
Heap after GC invocations=350 (full 0):
 PSYoungGen      total 135168K, used 32K [0x00000000ed700000, 0x00000000fd100000, 0x0000000100000000)
  eden space 134656K, 0% used [0x00000000ed700000,0x00000000ed700000,0x00000000f5a80000)
  from space 512K, 6% used [0x00000000fd080000,0x00000000fd088000,0x00000000fd100000)
  to   space 512K, 0% used [0x00000000fd000000,0x00000000fd000000,0x00000000fd080000)
 ParOldGen       total 37888K, used 10325K [0x00000000c8600000, 0x00000000cab00000, 0x00000000ed700000)
  object space 37888K, 27% used [0x00000000c8600000,0x00000000c90157a0,0x00000000cab00000)
 PSPermGen       total 21504K, used 17255K [0x00000000c3400000, 0x00000000c4900000, 0x00000000c8600000)
  object space 21504K, 80% used [0x00000000c3400000,0x00000000c44d9c00,0x00000000c4900000)
}
Event: 268.789 GC heap before
{Heap before GC invocations=351 (full 0):
 PSYoungGen      total 135168K, used 134688K [0x00000000ed700000, 0x00000000fd100000, 0x0000000100000000)
  eden space 134656K, 100% used [0x00000000ed700000,0x00000000f5a80000,0x00000000f5a80000)
  from space 512K, 6% used [0x00000000fd080000,0x00000000fd088000,0x00000000fd100000)
  to   space 512K, 0% used [0x00000000fd000000,0x00000000fd000000,0x00000000fd080000)
 ParOldGen       total 37888K, used 10325K [0x00000000c8600000, 0x00000000cab00000, 0x00000000ed700000)
  object space 37888K, 27% used [0x00000000c8600000,0x00000000c90157a0,0x00000000cab00000)
 PSPermGen       total 21504K, used 17255K [0x00000000c3400000, 0x00000000c4900000, 0x00000000c8600000)
  object space 21504K, 80% used [0x00000000c3400000,0x00000000c44d9c00,0x00000000c4900000)
Event: 268.795 GC heap after
Heap after GC invocations=351 (full 0):
 PSYoungGen      total 129536K, used 32K [0x00000000ed700000, 0x00000000fd100000, 0x0000000100000000)
  eden space 129024K, 0% used [0x00000000ed700000,0x00000000ed700000,0x00000000f5500000)
  from space 512K, 6% used [0x00000000fd000000,0x00000000fd008000,0x00000000fd080000)
  to   space 512K, 0% used [0x00000000fd080000,0x00000000fd080000,0x00000000fd100000)
 ParOldGen       total 37888K, used 10325K [0x00000000c8600000, 0x00000000cab00000, 0x00000000ed700000)
  object space 37888K, 27% used [0x00000000c8600000,0x00000000c90157a0,0x00000000cab00000)
 PSPermGen       total 21504K, used 17255K [0x00000000c3400000, 0x00000000c4900000, 0x00000000c8600000)
  object space 21504K, 80% used [0x00000000c3400000,0x00000000c44d9c00,0x00000000c4900000)
}
Event: 269.442 GC heap before
{Heap before GC invocations=352 (full 0):
 PSYoungGen      total 129536K, used 129056K [0x00000000ed700000, 0x00000000fd100000, 0x0000000100000000)
  eden space 129024K, 100% used [0x00000000ed700000,0x00000000f5500000,0x00000000f5500000)
  from space 512K, 6% used [0x00000000fd000000,0x00000000fd008000,0x00000000fd080000)
  to   space 512K, 0% used [0x00000000fd080000,0x00000000fd080000,0x00000000fd100000)
 ParOldGen       total 37888K, used 10325K [0x00000000c8600000, 0x00000000cab00000, 0x00000000ed700000)
  object space 37888K, 27% used [0x00000000c8600000,0x00000000c90157a0,0x00000000cab00000)
 PSPermGen       total 21504K, used 17255K [0x00000000c3400000, 0x00000000c4900000, 0x00000000c8600000)
  object space 21504K, 80% used [0x00000000c3400000,0x00000000c44d9c00,0x00000000c4900000)
Event: 269.452 GC heap after
Heap after GC invocations=352 (full 0):
 PSYoungGen      total 155648K, used 64K [0x00000000ed700000, 0x00000000fd100000, 0x0000000100000000)
  eden space 155136K, 0% used [0x00000000ed700000,0x00000000ed700000,0x00000000f6e80000)
  from space 512K, 12% used [0x00000000fd080000,0x00000000fd090000,0x00000000fd100000)
  to   space 512K, 0% used [0x00000000fd000000,0x00000000fd000000,0x00000000fd080000)
 ParOldGen       total 37888K, used 10325K [0x00000000c8600000, 0x00000000cab00000, 0x00000000ed700000)
  object space 37888K, 27% used [0x00000000c8600000,0x00000000c90157a0,0x00000000cab00000)
 PSPermGen       total 21504K, used 17255K [0x00000000c3400000, 0x00000000c4900000, 0x00000000c8600000)
  object space 21504K, 80% used [0x00000000c3400000,0x00000000c44d9c00,0x00000000c4900000)
}

